# JRE version: Java(TM) SE Runtime Environment (8.0_171-b11) (build 1.8.0_171-b11)
# Java VM: Java HotSpot(TM) 64-Bit Server VM (25.171-b11 mixed mode linux-amd64 compressed oops)
Heap:
 PSYoungGen      total 362496K, used 672K [0x00000000d8400000, 0x00000000ef880000, 0x0000000100000000)
  eden space 343552K, 0% used [0x00000000d8400000,0x00000000d8400000,0x00000000ed380000)
  from space 18944K, 3% used [0x00000000ed380000,0x00000000ed428000,0x00000000ee600000)
  to   space 14336K, 0% used [0x00000000eea80000,0x00000000eea80000,0x00000000ef880000)
 ParOldGen       total 79872K, used 39505K [0x0000000088c00000, 0x000000008da00000, 0x00000000d8400000)
  object space 79872K, 49% used [0x0000000088c00000,0x000000008b294468,0x000000008da00000)
 Metaspace       used 48610K, capacity 51548K, committed 51840K, reserved 1093632K
  class space    used 6692K, capacity 7209K, committed 7296K, reserved 1048576K
GC Heap History (10 events):
Event: 2.756 GC heap after
Heap after GC invocations=8 (full 1):
 PSYoungGen      total 148992K, used 11803K [0x00000000d8400000, 0x00000000e9580000, 0x0000000100000000)
  eden space 133120K, 0% used [0x00000000d8400000,0x00000000d8400000,0x00000000e0600000)
  from space 15872K, 74% used [0x00000000e0600000,0x00000000e1186c60,0x00000000e1580000)
  to   space 16384K, 0% used [0x00000000e8580000,0x00000000e8580000,0x00000000e9580000)
 ParOldGen       total 58880K, used 21636K [0x0000000088c00000, 0x000000008c580000, 0x00000000d8400000)
  object space 58880K, 36% used [0x0000000088c00000,0x000000008a121378,0x000000008c580000)
 Metaspace       used 33693K, capacity 35318K, committed 35456K, reserved 1079296K
  class space    used 4580K, capacity 4922K, committed 4992K, reserved 1048576K
}
Event: 2.756 GC heap before
{Heap before GC invocations=9 (full 2):
 PSYoungGen      total 148992K, used 11803K [0x00000000d8400000, 0x00000000e9580000, 0x0000000100000000)
  eden space 133120K, 0% used [0x00000000d8400000,0x00000000d8400000,0x00000000e0600000)
  from space 15872K, 74% used [0x00000000e0600000,0x00000000e1186c60,0x00000000e1580000)
  to   space 16384K, 0% used [0x00000000e8580000,0x00000000e8580000,0x00000000e9580000)
 ParOldGen       total 58880K, used 21636K [0x0000000088c00000, 0x000000008c580000, 0x00000000d8400000)
  object space 58880K, 36% used [0x0000000088c00000,0x000000008a121378,0x000000008c580000)
 Metaspace       used 33693K, capacity 35318K, committed 35456K, reserved 1079296K
  class space    used 4580K, capacity 4922K, committed 4992K, reserved 1048576K
Event: 2.841 GC heap after
Heap after GC invocations=9 (full 2):
 PSYoungGen      total 148992K, used 0K [0x00000000d8400000, 0x00000000e9580000, 0x0000000100000000)
  eden space 133120K, 0% used [0x00000000d8400000,0x00000000d8400000,0x00000000e0600000)
  from space 15872K, 0% used [0x00000000e0600000,0x00000000e0600000,0x00000000e1580000)
  to   space 16384K, 0% used [0x00000000e8580000,0x00000000e8580000,0x00000000e9580000)
 ParOldGen       total 79872K, used 20056K [0x0000000088c00000, 0x000000008da00000, 0x00000000d8400000)
  object space 79872K, 25% used [0x0000000088c00000,0x0000000089f96110,0x000000008da00000)
 Metaspace       used 33693K, capacity 35318K, committed 35456K, reserved 1079296K
  class space    used 4580K, capacity 4922K, committed 4992K, reserved 1048576K
}
Event: 3.532 GC heap before
{Heap before GC invocations=10 (full 2):
 PSYoungGen      total 148992K, used 133120K [0x00000000d8400000, 0x00000000e9580000, 0x0000000100000000)
  eden space 133120K, 100% used [0x00000000d8400000,0x00000000e0600000,0x00000000e0600000)
  from space 15872K, 0% used [0x00000000e0600000,0x00000000e0600000,0x00000000e1580000)
  to   space 16384K, 0% used [0x00000000e8580000,0x00000000e8580000,0x00000000e9580000)
 ParOldGen       total 79872K, used 20056K [0x0000000088c00000, 0x000000008da00000, 0x00000000d8400000)
  object space 79872K, 25% used [0x0000000088c00000,0x0000000089f96110,0x000000008da00000)
 Metaspace       used 39097K, capacity 41212K, committed 41472K, reserved 1085440K
  class space    used 5414K, capacity 5835K, committed 5888K, reserved 1048576K
Event: 3.543 GC heap after
Heap after GC invocations=10 (full 2):
 PSYoungGen      total 251392K, used 11371K [0x00000000d8400000, 0x00000000e9100000, 0x0000000100000000)
  eden space 239616K, 0% used [0x00000000d8400000,0x00000000d8400000,0x00000000e6e00000)
  from space 11776K, 96% used [0x00000000e8580000,0x00000000e909afb0,0x00000000e9100000)
  to   space 16384K, 0% used [0x00000000e7100000,0x00000000e7100000,0x00000000e8100000)
 ParOldGen       total 79872K, used 20064K [0x0000000088c00000, 0x000000008da00000, 0x00000000d8400000)
  object space 79872K, 25% used [0x0000000088c00000,0x0000000089f98110,0x000000008da00000)
 Metaspace       used 39097K, capacity 41212K, committed 41472K, reserved 1085440K
  class space    used 5414K, capacity 5835K, committed 5888K, reserved 1048576K
}
Event: 100.871 GC heap before
{Heap before GC invocations=11 (full 2):
 PSYoungGen      total 251392K, used 250987K [0x00000000d8400000, 0x00000000e9100000, 0x0000000100000000)
  eden space 239616K, 100% used [0x00000000d8400000,0x00000000e6e00000,0x00000000e6e00000)
  from space 11776K, 96% used [0x00000000e8580000,0x00000000e909afb0,0x00000000e9100000)
  to   space 16384K, 0% used [0x00000000e7100000,0x00000000e7100000,0x00000000e8100000)
 ParOldGen       total 79872K, used 20064K [0x0000000088c00000, 0x000000008da00000, 0x00000000d8400000)
  object space 79872K, 25% used [0x0000000088c00000,0x0000000089f98110,0x000000008da00000)
 Metaspace       used 46165K, capacity 48862K, committed 48896K, reserved 1091584K
  class space    used 6397K, capacity 6886K, committed 6912K, reserved 1048576K
Event: 100.892 GC heap after
Heap after GC invocations=11 (full 2):
 PSYoungGen      total 259072K, used 16376K [0x00000000d8400000, 0x00000000efd80000, 0x0000000100000000)
  eden space 242688K, 0% used [0x00000000d8400000,0x00000000d8400000,0x00000000e7100000)
  from space 16384K, 99% used [0x00000000e7100000,0x00000000e80fe3c8,0x00000000e8100000)
  to   space 19456K, 0% used [0x00000000eea80000,0x00000000eea80000,0x00000000efd80000)
 ParOldGen       total 79872K, used 22869K [0x0000000088c00000, 0x000000008da00000, 0x00000000d8400000)
  object space 79872K, 28% used [0x0000000088c00000,0x000000008a255540,0x000000008da00000)
 Metaspace       used 46165K, capacity 48862K, committed 48896K, reserved 1091584K
  class space    used 6397K, capacity 6886K, committed 6912K, reserved 1048576K
}
Event: 992.343 GC heap before
{Heap before GC invocations=12 (full 2):
 PSYoungGen      total 259072K, used 259064K [0x00000000d8400000, 0x00000000efd80000, 0x0000000100000000)
  eden space 242688K, 100% used [0x00000000d8400000,0x00000000e7100000,0x00000000e7100000)
  from space 16384K, 99% used [0x00000000e7100000,0x00000000e80fe3c8,0x00000000e8100000)
  to   space 19456K, 0% used [0x00000000eea80000,0x00000000eea80000,0x00000000efd80000)
 ParOldGen       total 79872K, used 22869K [0x0000000088c00000, 0x000000008da00000, 0x00000000d8400000)
  object space 79872K, 28% used [0x0000000088c00000,0x000000008a255540,0x000000008da00000)
 Metaspace       used 48452K, capacity 51370K, committed 51584K, reserved 1093632K
  class space    used 6671K, capacity 7174K, committed 7296K, reserved 1048576K
Event: 992.388 GC heap after
Heap after GC invocations=12 (full 2):
 PSYoungGen      total 357888K, used 12396K [0x00000000d8400000, 0x00000000ef880000, 0x0000000100000000)
  eden space 343552K, 0% used [0x00000000d8400000,0x00000000d8400000,0x00000000ed380000)
  from space 14336K, 86% used [0x00000000eea80000,0x00000000ef69b210,0x00000000ef880000)
  to   space 18944K, 0% used [0x00000000ed380000,0x00000000ed380000,0x00000000ee600000)
 ParOldGen       total 79872K, used 29481K [0x0000000088c00000, 0x000000008da00000, 0x00000000d8400000)
  object space 79872K, 36% used [0x0000000088c00000,0x000000008a8ca568,0x000000008da00000)
 Metaspace       used 48452K, capacity 51370K, committed 51584K, reserved 1093632K
  class space    used 6671K, capacity 7174K, committed 7296K, reserved 1048576K
}
Event: 2370.877 GC heap before
{Heap before GC invocations=13 (full 2):
 PSYoungGen      total 357888K, used 355948K [0x00000000d8400000, 0x00000000ef880000, 0x0000000100000000)
  eden space 343552K, 100% used [0x00000000d8400000,0x00000000ed380000,0x00000000ed380000)
  from space 14336K, 86% used [0x00000000eea80000,0x00000000ef69b210,0x00000000ef880000)
  to   space 18944K, 0% used [0x00000000ed380000,0x00000000ed380000,0x00000000ee600000)
 ParOldGen       total 79872K, used 29481K [0x0000000088c00000, 0x000000008da00000, 0x00000000d8400000)
  object space 79872K, 36% used [0x0000000088c00000,0x000000008a8ca568,0x000000008da00000)
 Metaspace       used 48610K, capacity 51548K, committed 51840K, reserved 1093632K
  class space    used 6692K, capacity 7209K, committed 7296K, reserved 1048576K

