# JRE version: OpenJDK Runtime Environment (8.0_171-b11) (build 1.8.0_171-8u171-b11-0ubuntu0.16.04.1-b11)
# Java VM: OpenJDK 64-Bit Server VM (25.171-b11 mixed mode linux-amd64 compressed oops)
Heap:
 PSYoungGen      total 785408K, used 54666K [0x000000076c700000, 0x00000007a1900000, 0x00000007c0000000)
  eden space 719360K, 0% used [0x000000076c700000,0x000000076c700000,0x0000000798580000)
  from space 66048K, 82% used [0x0000000798580000,0x000000079bae2a88,0x000000079c600000)
  to   space 65024K, 0% used [0x000000079c600000,0x000000079c600000,0x00000007a0580000)
 ParOldGen       total 240128K, used 108170K [0x00000006c5400000, 0x00000006d3e80000, 0x000000076c700000)
  object space 240128K, 45% used [0x00000006c5400000,0x00000006cbda2a78,0x00000006d3e80000)
 Metaspace       used 37986K, capacity 39470K, committed 39680K, reserved 1085440K
  class space    used 4156K, capacity 4502K, committed 4608K, reserved 1048576K
GC Heap History (10 events):
Event: 13.431 GC heap after
Heap after GC invocations=10 (full 1):
 PSYoungGen      total 537600K, used 34799K [0x000000076c700000, 0x0000000792980000, 0x00000007c0000000)
  eden space 502784K, 0% used [0x000000076c700000,0x000000076c700000,0x000000078b200000)
  from space 34816K, 99% used [0x000000078b200000,0x000000078d3fbfd0,0x000000078d400000)
  to   space 49152K, 0% used [0x000000078f980000,0x000000078f980000,0x0000000792980000)
 ParOldGen       total 151552K, used 70936K [0x00000006c5400000, 0x00000006ce800000, 0x000000076c700000)
  object space 151552K, 46% used [0x00000006c5400000,0x00000006c9946198,0x00000006ce800000)
 Metaspace       used 31676K, capacity 32642K, committed 32768K, reserved 1079296K
  class space    used 3581K, capacity 3803K, committed 3840K, reserved 1048576K
}
Event: 25.519 GC heap before
{Heap before GC invocations=11 (full 1):
 PSYoungGen      total 537600K, used 537583K [0x000000076c700000, 0x0000000792980000, 0x00000007c0000000)
  eden space 502784K, 100% used [0x000000076c700000,0x000000078b200000,0x000000078b200000)
  from space 34816K, 99% used [0x000000078b200000,0x000000078d3fbfd0,0x000000078d400000)
  to   space 49152K, 0% used [0x000000078f980000,0x000000078f980000,0x0000000792980000)
 ParOldGen       total 151552K, used 70936K [0x00000006c5400000, 0x00000006ce800000, 0x000000076c700000)
  object space 151552K, 46% used [0x00000006c5400000,0x00000006c9946198,0x00000006ce800000)
 Metaspace       used 32933K, capacity 33984K, committed 34176K, reserved 1079296K
  class space    used 3633K, capacity 3910K, committed 3968K, reserved 1048576K
Event: 25.592 GC heap after
Heap after GC invocations=11 (full 1):
 PSYoungGen      total 561152K, used 49123K [0x000000076c700000, 0x000000079b580000, 0x00000007c0000000)
  eden space 512000K, 0% used [0x000000076c700000,0x000000076c700000,0x000000078bb00000)
  from space 49152K, 99% used [0x000000078f980000,0x0000000792978c88,0x0000000792980000)
  to   space 64000K, 0% used [0x000000078bb00000,0x000000078bb00000,0x000000078f980000)
 ParOldGen       total 151552K, used 94023K [0x00000006c5400000, 0x00000006ce800000, 0x000000076c700000)
  object space 151552K, 62% used [0x00000006c5400000,0x00000006cafd1d70,0x00000006ce800000)
 Metaspace       used 32933K, capacity 33984K, committed 34176K, reserved 1079296K
  class space    used 3633K, capacity 3910K, committed 3968K, reserved 1048576K
}
Event: 25.935 GC heap before
{Heap before GC invocations=12 (full 1):
 PSYoungGen      total 561152K, used 106063K [0x000000076c700000, 0x000000079b580000, 0x00000007c0000000)
  eden space 512000K, 11% used [0x000000076c700000,0x000000076fe9b2a0,0x000000078bb00000)
  from space 49152K, 99% used [0x000000078f980000,0x0000000792978c88,0x0000000792980000)
  to   space 64000K, 0% used [0x000000078bb00000,0x000000078bb00000,0x000000078f980000)
 ParOldGen       total 151552K, used 94023K [0x00000006c5400000, 0x00000006ce800000, 0x000000076c700000)
  object space 151552K, 62% used [0x00000006c5400000,0x00000006cafd1d70,0x00000006ce800000)
 Metaspace       used 33818K, capacity 35276K, committed 35416K, reserved 1081344K
  class space    used 3710K, capacity 4011K, committed 4096K, reserved 1048576K
Event: 26.029 GC heap after
Heap after GC invocations=12 (full 1):
 PSYoungGen      total 576000K, used 3784K [0x000000076c700000, 0x00000007a0580000, 0x00000007c0000000)
  eden space 512000K, 0% used [0x000000076c700000,0x000000076c700000,0x000000078bb00000)
  from space 64000K, 5% used [0x000000078bb00000,0x000000078beb2238,0x000000078f980000)
  to   space 65024K, 0% used [0x000000079c600000,0x000000079c600000,0x00000007a0580000)
 ParOldGen       total 151552K, used 124365K [0x00000006c5400000, 0x00000006ce800000, 0x000000076c700000)
  object space 151552K, 82% used [0x00000006c5400000,0x00000006ccd73618,0x00000006ce800000)
 Metaspace       used 33818K, capacity 35276K, committed 35416K, reserved 1081344K
  class space    used 3710K, capacity 4011K, committed 4096K, reserved 1048576K
}
Event: 26.029 GC heap before
{Heap before GC invocations=13 (full 2):
 PSYoungGen      total 576000K, used 3784K [0x000000076c700000, 0x00000007a0580000, 0x00000007c0000000)
  eden space 512000K, 0% used [0x000000076c700000,0x000000076c700000,0x000000078bb00000)
  from space 64000K, 5% used [0x000000078bb00000,0x000000078beb2238,0x000000078f980000)
  to   space 65024K, 0% used [0x000000079c600000,0x000000079c600000,0x00000007a0580000)
 ParOldGen       total 151552K, used 124365K [0x00000006c5400000, 0x00000006ce800000, 0x000000076c700000)
  object space 151552K, 82% used [0x00000006c5400000,0x00000006ccd73618,0x00000006ce800000)
 Metaspace       used 33818K, capacity 35276K, committed 35416K, reserved 1081344K
  class space    used 3710K, capacity 4011K, committed 4096K, reserved 1048576K
Event: 26.241 GC heap after
Heap after GC invocations=13 (full 2):
 PSYoungGen      total 576000K, used 0K [0x000000076c700000, 0x00000007a0580000, 0x00000007c0000000)
  eden space 512000K, 0% used [0x000000076c700000,0x000000076c700000,0x000000078bb00000)
  from space 64000K, 0% used [0x000000078bb00000,0x000000078bb00000,0x000000078f980000)
  to   space 65024K, 0% used [0x000000079c600000,0x000000079c600000,0x00000007a0580000)
 ParOldGen       total 240128K, used 96652K [0x00000006c5400000, 0x00000006d3e80000, 0x000000076c700000)
  object space 240128K, 40% used [0x00000006c5400000,0x00000006cb263250,0x00000006d3e80000)
 Metaspace       used 33350K, capacity 34676K, committed 35416K, reserved 1081344K
  class space    used 3643K, capacity 3931K, committed 4096K, reserved 1048576K
}
Event: 29.588 GC heap before
{Heap before GC invocations=14 (full 2):
 PSYoungGen      total 576000K, used 512000K [0x000000076c700000, 0x00000007a0580000, 0x00000007c0000000)
  eden space 512000K, 100% used [0x000000076c700000,0x000000078bb00000,0x000000078bb00000)
  from space 64000K, 0% used [0x000000078bb00000,0x000000078bb00000,0x000000078f980000)
  to   space 65024K, 0% used [0x000000079c600000,0x000000079c600000,0x00000007a0580000)
 ParOldGen       total 240128K, used 96652K [0x00000006c5400000, 0x00000006d3e80000, 0x000000076c700000)
  object space 240128K, 40% used [0x00000006c5400000,0x00000006cb263250,0x00000006d3e80000)
 Metaspace       used 37476K, capacity 39036K, committed 39296K, reserved 1083392K
  class space    used 4141K, capacity 4467K, committed 4480K, reserved 1048576K
Event: 29.685 GC heap after
Heap after GC invocations=14 (full 2):
 PSYoungGen      total 784384K, used 39833K [0x000000076c700000, 0x00000007a1900000, 0x00000007c0000000)
  eden space 719360K, 0% used [0x000000076c700000,0x000000076c700000,0x0000000798580000)
  from space 65024K, 61% used [0x000000079c600000,0x000000079ece65f0,0x00000007a0580000)
  to   space 66048K, 0% used [0x0000000798580000,0x0000000798580000,0x000000079c600000)
 ParOldGen       total 240128K, used 96660K [0x00000006c5400000, 0x00000006d3e80000, 0x000000076c700000)
  object space 240128K, 40% used [0x00000006c5400000,0x00000006cb265250,0x00000006d3e80000)
 Metaspace       used 37476K, capacity 39036K, committed 39296K, reserved 1083392K
  class space    used 4141K, capacity 4467K, committed 4480K, reserved 1048576K
}
Event: 33.067 GC heap before
{Heap before GC invocations=15 (full 2):
 PSYoungGen      total 784384K, used 757090K [0x000000076c700000, 0x00000007a1900000, 0x00000007c0000000)
  eden space 719360K, 99% used [0x000000076c700000,0x00000007983722e0,0x0000000798580000)
  from space 65024K, 61% used [0x000000079c600000,0x000000079ece65f0,0x00000007a0580000)
  to   space 66048K, 0% used [0x0000000798580000,0x0000000798580000,0x000000079c600000)
 ParOldGen       total 240128K, used 96660K [0x00000006c5400000, 0x00000006d3e80000, 0x000000076c700000)
  object space 240128K, 40% used [0x00000006c5400000,0x00000006cb265250,0x00000006d3e80000)
 Metaspace       used 37986K, capacity 39470K, committed 39680K, reserved 1085440K
  class space    used 4156K, capacity 4502K, committed 4608K, reserved 1048576K

