# JRE version: OpenJDK Runtime Environment (8.0_171-b11) (build 1.8.0_171-8u171-b11-0ubuntu0.16.04.1-b11)
# Java VM: OpenJDK 64-Bit Server VM (25.171-b11 mixed mode linux-amd64 compressed oops)
Heap:
 PSYoungGen      total 139776K, used 8931K [0x000000076c700000, 0x0000000775a00000, 0x00000007c0000000)
  eden space 129024K, 0% used [0x000000076c700000,0x000000076c700000,0x0000000774500000)
  from space 10752K, 83% used [0x0000000774500000,0x0000000774db8d88,0x0000000774f80000)
  to   space 10752K, 0% used [0x0000000774f80000,0x0000000774f80000,0x0000000775a00000)
 ParOldGen       total 172032K, used 32K [0x00000006c5400000, 0x00000006cfc00000, 0x000000076c700000)
  object space 172032K, 0% used [0x00000006c5400000,0x00000006c5408000,0x00000006cfc00000)
 Metaspace       used 20506K, capacity 21098K, committed 21248K, reserved 1067008K
  class space    used 2584K, capacity 2751K, committed 2816K, reserved 1048576K
GC Heap History (5 events):
Event: 1.001 GC heap before
{Heap before GC invocations=1 (full 0):
 PSYoungGen      total 75264K, used 64512K [0x000000076c700000, 0x0000000771b00000, 0x00000007c0000000)
  eden space 64512K, 100% used [0x000000076c700000,0x0000000770600000,0x0000000770600000)
  from space 10752K, 0% used [0x0000000771080000,0x0000000771080000,0x0000000771b00000)
  to   space 10752K, 0% used [0x0000000770600000,0x0000000770600000,0x0000000771080000)
 ParOldGen       total 172032K, used 0K [0x00000006c5400000, 0x00000006cfc00000, 0x000000076c700000)
  object space 172032K, 0% used [0x00000006c5400000,0x00000006c5400000,0x00000006cfc00000)
 Metaspace       used 11011K, capacity 11234K, committed 11392K, reserved 1058816K
  class space    used 1303K, capacity 1393K, committed 1408K, reserved 1048576K
Event: 1.041 GC heap after
Heap after GC invocations=1 (full 0):
 PSYoungGen      total 75264K, used 6507K [0x000000076c700000, 0x0000000775a00000, 0x00000007c0000000)
  eden space 64512K, 0% used [0x000000076c700000,0x000000076c700000,0x0000000770600000)
  from space 10752K, 60% used [0x0000000770600000,0x0000000770c5adb0,0x0000000771080000)
  to   space 10752K, 0% used [0x0000000774f80000,0x0000000774f80000,0x0000000775a00000)
 ParOldGen       total 172032K, used 8K [0x00000006c5400000, 0x00000006cfc00000, 0x000000076c700000)
  object space 172032K, 0% used [0x00000006c5400000,0x00000006c5402000,0x00000006cfc00000)
 Metaspace       used 11011K, capacity 11234K, committed 11392K, reserved 1058816K
  class space    used 1303K, capacity 1393K, committed 1408K, reserved 1048576K
}
Event: 1.406 GC heap before
{Heap before GC invocations=2 (full 0):
 PSYoungGen      total 75264K, used 71019K [0x000000076c700000, 0x0000000775a00000, 0x00000007c0000000)
  eden space 64512K, 100% used [0x000000076c700000,0x0000000770600000,0x0000000770600000)
  from space 10752K, 60% used [0x0000000770600000,0x0000000770c5adb0,0x0000000771080000)
  to   space 10752K, 0% used [0x0000000774f80000,0x0000000774f80000,0x0000000775a00000)
 ParOldGen       total 172032K, used 8K [0x00000006c5400000, 0x00000006cfc00000, 0x000000076c700000)
  object space 172032K, 0% used [0x00000006c5400000,0x00000006c5402000,0x00000006cfc00000)
 Metaspace       used 16002K, capacity 16468K, committed 16768K, reserved 1064960K
  class space    used 1983K, capacity 2126K, committed 2176K, reserved 1048576K
Event: 1.417 GC heap after
Heap after GC invocations=2 (full 0):
 PSYoungGen      total 139776K, used 6916K [0x000000076c700000, 0x0000000775a00000, 0x00000007c0000000)
  eden space 129024K, 0% used [0x000000076c700000,0x000000076c700000,0x0000000774500000)
  from space 10752K, 64% used [0x0000000774f80000,0x0000000775641188,0x0000000775a00000)
  to   space 10752K, 0% used [0x0000000774500000,0x0000000774500000,0x0000000774f80000)
 ParOldGen       total 172032K, used 24K [0x00000006c5400000, 0x00000006cfc00000, 0x000000076c700000)
  object space 172032K, 0% used [0x00000006c5400000,0x00000006c5406000,0x00000006cfc00000)
 Metaspace       used 16002K, capacity 16468K, committed 16768K, reserved 1064960K
  class space    used 1983K, capacity 2126K, committed 2176K, reserved 1048576K
}
Event: 1.629 GC heap before
{Heap before GC invocations=3 (full 0):
 PSYoungGen      total 139776K, used 57845K [0x000000076c700000, 0x0000000775a00000, 0x00000007c0000000)
  eden space 129024K, 39% used [0x000000076c700000,0x000000076f8bc4f0,0x0000000774500000)
  from space 10752K, 64% used [0x0000000774f80000,0x0000000775641188,0x0000000775a00000)
  to   space 10752K, 0% used [0x0000000774500000,0x0000000774500000,0x0000000774f80000)
 ParOldGen       total 172032K, used 24K [0x00000006c5400000, 0x00000006cfc00000, 0x000000076c700000)
  object space 172032K, 0% used [0x00000006c5400000,0x00000006c5406000,0x00000006cfc00000)
 Metaspace       used 20506K, capacity 21098K, committed 21248K, reserved 1067008K
  class space    used 2584K, capacity 2751K, committed 2816K, reserved 1048576K

