# JRE version: Java(TM) SE Runtime Environment (8.0_171-b11) (build 1.8.0_171-b11)
# Java VM: Java HotSpot(TM) 64-Bit Server VM (25.171-b11 mixed mode linux-amd64 compressed oops)
Heap:
 PSYoungGen      total 292864K, used 4946K [0x00000000d8400000, 0x00000000ebf00000, 0x0000000100000000)
  eden space 271360K, 0% used [0x00000000d8400000,0x00000000d8400000,0x00000000e8d00000)
  from space 21504K, 23% used [0x00000000e8d00000,0x00000000e91d4b78,0x00000000ea200000)
  to   space 22016K, 0% used [0x00000000ea200000,0x00000000ea200000,0x00000000eb780000)
 ParOldGen       total 136192K, used 45436K [0x0000000088c00000, 0x0000000091100000, 0x00000000d8400000)
  object space 136192K, 33% used [0x0000000088c00000,0x000000008b85f168,0x0000000091100000)
 Metaspace       used 60304K, capacity 63402K, committed 63512K, reserved 1103872K
  class space    used 7917K, capacity 8416K, committed 8488K, reserved 1048576K
GC Heap History (10 events):
Event: 10.761 GC heap after
Heap after GC invocations=11 (full 2):
 PSYoungGen      total 174080K, used 12574K [0x00000000d8400000, 0x00000000e6f00000, 0x0000000100000000)
  eden space 157696K, 0% used [0x00000000d8400000,0x00000000d8400000,0x00000000e1e00000)
  from space 16384K, 76% used [0x00000000e1e00000,0x00000000e2a47ab0,0x00000000e2e00000)
  to   space 17408K, 0% used [0x00000000e5e00000,0x00000000e5e00000,0x00000000e6f00000)
 ParOldGen       total 87552K, used 20987K [0x0000000088c00000, 0x000000008e180000, 0x00000000d8400000)
  object space 87552K, 23% used [0x0000000088c00000,0x000000008a07ee00,0x000000008e180000)
 Metaspace       used 41499K, capacity 43102K, committed 43304K, reserved 1087488K
  class space    used 5350K, capacity 5662K, committed 5672K, reserved 1048576K
}
Event: 12.197 GC heap before
{Heap before GC invocations=12 (full 2):
 PSYoungGen      total 174080K, used 170270K [0x00000000d8400000, 0x00000000e6f00000, 0x0000000100000000)
  eden space 157696K, 100% used [0x00000000d8400000,0x00000000e1e00000,0x00000000e1e00000)
  from space 16384K, 76% used [0x00000000e1e00000,0x00000000e2a47ab0,0x00000000e2e00000)
  to   space 17408K, 0% used [0x00000000e5e00000,0x00000000e5e00000,0x00000000e6f00000)
 ParOldGen       total 87552K, used 20987K [0x0000000088c00000, 0x000000008e180000, 0x00000000d8400000)
  object space 87552K, 23% used [0x0000000088c00000,0x000000008a07ee00,0x000000008e180000)
 Metaspace       used 45915K, capacity 48320K, committed 48552K, reserved 1091584K
  class space    used 6026K, capacity 6441K, committed 6568K, reserved 1048576K
Event: 12.229 GC heap after
Heap after GC invocations=12 (full 2):
 PSYoungGen      total 220672K, used 17379K [0x00000000d8400000, 0x00000000e7880000, 0x0000000100000000)
  eden space 203264K, 0% used [0x00000000d8400000,0x00000000d8400000,0x00000000e4a80000)
  from space 17408K, 99% used [0x00000000e5e00000,0x00000000e6ef8e90,0x00000000e6f00000)
  to   space 19968K, 0% used [0x00000000e4a80000,0x00000000e4a80000,0x00000000e5e00000)
 ParOldGen       total 87552K, used 21749K [0x0000000088c00000, 0x000000008e180000, 0x00000000d8400000)
  object space 87552K, 24% used [0x0000000088c00000,0x000000008a13d450,0x000000008e180000)
 Metaspace       used 45915K, capacity 48320K, committed 48552K, reserved 1091584K
  class space    used 6026K, capacity 6441K, committed 6568K, reserved 1048576K
}
Event: 14.009 GC heap before
{Heap before GC invocations=13 (full 2):
 PSYoungGen      total 220672K, used 220643K [0x00000000d8400000, 0x00000000e7880000, 0x0000000100000000)
  eden space 203264K, 100% used [0x00000000d8400000,0x00000000e4a80000,0x00000000e4a80000)
  from space 17408K, 99% used [0x00000000e5e00000,0x00000000e6ef8e90,0x00000000e6f00000)
  to   space 19968K, 0% used [0x00000000e4a80000,0x00000000e4a80000,0x00000000e5e00000)
 ParOldGen       total 87552K, used 21749K [0x0000000088c00000, 0x000000008e180000, 0x00000000d8400000)
  object space 87552K, 24% used [0x0000000088c00000,0x000000008a13d450,0x000000008e180000)
 Metaspace       used 50438K, capacity 53178K, committed 53544K, reserved 1095680K
  class space    used 6658K, capacity 7128K, committed 7208K, reserved 1048576K
Event: 14.032 GC heap after
Heap after GC invocations=13 (full 2):
 PSYoungGen      total 223232K, used 18034K [0x00000000d8400000, 0x00000000eb780000, 0x0000000100000000)
  eden space 203264K, 0% used [0x00000000d8400000,0x00000000d8400000,0x00000000e4a80000)
  from space 19968K, 90% used [0x00000000e4a80000,0x00000000e5c1c840,0x00000000e5e00000)
  to   space 22016K, 0% used [0x00000000ea200000,0x00000000ea200000,0x00000000eb780000)
 ParOldGen       total 87552K, used 29207K [0x0000000088c00000, 0x000000008e180000, 0x00000000d8400000)
  object space 87552K, 33% used [0x0000000088c00000,0x000000008a885dc8,0x000000008e180000)
 Metaspace       used 50438K, capacity 53178K, committed 53544K, reserved 1095680K
  class space    used 6658K, capacity 7128K, committed 7208K, reserved 1048576K
}
Event: 15.101 GC heap before
{Heap before GC invocations=14 (full 2):
 PSYoungGen      total 223232K, used 102469K [0x00000000d8400000, 0x00000000eb780000, 0x0000000100000000)
  eden space 203264K, 41% used [0x00000000d8400000,0x00000000dd674ca8,0x00000000e4a80000)
  from space 19968K, 90% used [0x00000000e4a80000,0x00000000e5c1c840,0x00000000e5e00000)
  to   space 22016K, 0% used [0x00000000ea200000,0x00000000ea200000,0x00000000eb780000)
 ParOldGen       total 87552K, used 29207K [0x0000000088c00000, 0x000000008e180000, 0x00000000d8400000)
  object space 87552K, 33% used [0x0000000088c00000,0x000000008a885dc8,0x000000008e180000)
 Metaspace       used 56248K, capacity 59070K, committed 59160K, reserved 1099776K
  class space    used 7480K, capacity 7946K, committed 7976K, reserved 1048576K
Event: 15.137 GC heap after
Heap after GC invocations=14 (full 2):
 PSYoungGen      total 293376K, used 7369K [0x00000000d8400000, 0x00000000ebf00000, 0x0000000100000000)
  eden space 271360K, 0% used [0x00000000d8400000,0x00000000d8400000,0x00000000e8d00000)
  from space 22016K, 33% used [0x00000000ea200000,0x00000000ea932648,0x00000000eb780000)
  to   space 21504K, 0% used [0x00000000e8d00000,0x00000000e8d00000,0x00000000ea200000)
 ParOldGen       total 87552K, used 43915K [0x0000000088c00000, 0x000000008e180000, 0x00000000d8400000)
  object space 87552K, 50% used [0x0000000088c00000,0x000000008b6e2d90,0x000000008e180000)
 Metaspace       used 56248K, capacity 59070K, committed 59160K, reserved 1099776K
  class space    used 7480K, capacity 7946K, committed 7976K, reserved 1048576K
}
Event: 15.137 GC heap before
{Heap before GC invocations=15 (full 3):
 PSYoungGen      total 293376K, used 7369K [0x00000000d8400000, 0x00000000ebf00000, 0x0000000100000000)
  eden space 271360K, 0% used [0x00000000d8400000,0x00000000d8400000,0x00000000e8d00000)
  from space 22016K, 33% used [0x00000000ea200000,0x00000000ea932648,0x00000000eb780000)
  to   space 21504K, 0% used [0x00000000e8d00000,0x00000000e8d00000,0x00000000ea200000)
 ParOldGen       total 87552K, used 43915K [0x0000000088c00000, 0x000000008e180000, 0x00000000d8400000)
  object space 87552K, 50% used [0x0000000088c00000,0x000000008b6e2d90,0x000000008e180000)
 Metaspace       used 56248K, capacity 59070K, committed 59160K, reserved 1099776K
  class space    used 7480K, capacity 7946K, committed 7976K, reserved 1048576K
Event: 15.343 GC heap after
Heap after GC invocations=15 (full 3):
 PSYoungGen      total 293376K, used 0K [0x00000000d8400000, 0x00000000ebf00000, 0x0000000100000000)
  eden space 271360K, 0% used [0x00000000d8400000,0x00000000d8400000,0x00000000e8d00000)
  from space 22016K, 0% used [0x00000000ea200000,0x00000000ea200000,0x00000000eb780000)
  to   space 21504K, 0% used [0x00000000e8d00000,0x00000000e8d00000,0x00000000ea200000)
 ParOldGen       total 136192K, used 45428K [0x0000000088c00000, 0x0000000091100000, 0x00000000d8400000)
  object space 136192K, 33% used [0x0000000088c00000,0x000000008b85d168,0x0000000091100000)
 Metaspace       used 56248K, capacity 59070K, committed 59160K, reserved 1099776K
  class space    used 7480K, capacity 7946K, committed 7976K, reserved 1048576K
}
Event: 647.843 GC heap before
{Heap before GC invocations=16 (full 3):
 PSYoungGen      total 293376K, used 271360K [0x00000000d8400000, 0x00000000ebf00000, 0x0000000100000000)
  eden space 271360K, 100% used [0x00000000d8400000,0x00000000e8d00000,0x00000000e8d00000)
  from space 22016K, 0% used [0x00000000ea200000,0x00000000ea200000,0x00000000eb780000)
  to   space 21504K, 0% used [0x00000000e8d00000,0x00000000e8d00000,0x00000000ea200000)
 ParOldGen       total 136192K, used 45428K [0x0000000088c00000, 0x0000000091100000, 0x00000000d8400000)
  object space 136192K, 33% used [0x0000000088c00000,0x000000008b85d168,0x0000000091100000)
 Metaspace       used 60304K, capacity 63402K, committed 63512K, reserved 1103872K
  class space    used 7917K, capacity 8416K, committed 8488K, reserved 1048576K

