# JRE version: OpenJDK Runtime Environment (8.0_171-b11) (build 1.8.0_171-8u171-b11-0ubuntu0.16.04.1-b11)
# Java VM: OpenJDK 64-Bit Server VM (25.171-b11 mixed mode linux-amd64 compressed oops)
Heap:
 PSYoungGen      total 245760K, used 9506K [0x000000076c700000, 0x000000077c580000, 0x00000007c0000000)
  eden space 233472K, 0% used [0x000000076c700000,0x000000076c700000,0x000000077ab00000)
  from space 12288K, 77% used [0x000000077ab00000,0x000000077b448aa0,0x000000077b700000)
  to   space 11264K, 0% used [0x000000077b700000,0x000000077b700000,0x000000077c200000)
 ParOldGen       total 118272K, used 14267K [0x00000006c5400000, 0x00000006cc780000, 0x000000076c700000)
  object space 118272K, 12% used [0x00000006c5400000,0x00000006c61eee58,0x00000006cc780000)
 Metaspace       used 38649K, capacity 39966K, committed 40024K, reserved 1083392K
  class space    used 5217K, capacity 5477K, committed 5504K, reserved 1048576K
GC Heap History (10 events):
Event: 1.489 GC heap after
Heap after GC invocations=4 (full 0):
 PSYoungGen      total 139776K, used 5394K [0x000000076c700000, 0x0000000775a00000, 0x00000007c0000000)
  eden space 129024K, 0% used [0x000000076c700000,0x000000076c700000,0x0000000774500000)
  from space 10752K, 50% used [0x0000000774f80000,0x00000007754c48d0,0x0000000775a00000)
  to   space 10752K, 0% used [0x0000000774500000,0x0000000774500000,0x0000000774f80000)
 ParOldGen       total 172032K, used 40K [0x00000006c5400000, 0x00000006cfc00000, 0x000000076c700000)
  object space 172032K, 0% used [0x00000006c5400000,0x00000006c540a000,0x00000006cfc00000)
 Metaspace       used 20626K, capacity 21150K, committed 21248K, reserved 1067008K
  class space    used 2860K, capacity 2993K, committed 3072K, reserved 1048576K
}
Event: 1.489 GC heap before
{Heap before GC invocations=5 (full 1):
 PSYoungGen      total 139776K, used 5394K [0x000000076c700000, 0x0000000775a00000, 0x00000007c0000000)
  eden space 129024K, 0% used [0x000000076c700000,0x000000076c700000,0x0000000774500000)
  from space 10752K, 50% used [0x0000000774f80000,0x00000007754c48d0,0x0000000775a00000)
  to   space 10752K, 0% used [0x0000000774500000,0x0000000774500000,0x0000000774f80000)
 ParOldGen       total 172032K, used 40K [0x00000006c5400000, 0x00000006cfc00000, 0x000000076c700000)
  object space 172032K, 0% used [0x00000006c5400000,0x00000006c540a000,0x00000006cfc00000)
 Metaspace       used 20626K, capacity 21150K, committed 21248K, reserved 1067008K
  class space    used 2860K, capacity 2993K, committed 3072K, reserved 1048576K
Event: 1.513 GC heap after
Heap after GC invocations=5 (full 1):
 PSYoungGen      total 139776K, used 0K [0x000000076c700000, 0x0000000775a00000, 0x00000007c0000000)
  eden space 129024K, 0% used [0x000000076c700000,0x000000076c700000,0x0000000774500000)
  from space 10752K, 0% used [0x0000000774f80000,0x0000000774f80000,0x0000000775a00000)
  to   space 10752K, 0% used [0x0000000774500000,0x0000000774500000,0x0000000774f80000)
 ParOldGen       total 83968K, used 5341K [0x00000006c5400000, 0x00000006ca600000, 0x000000076c700000)
  object space 83968K, 6% used [0x00000006c5400000,0x00000006c5937420,0x00000006ca600000)
 Metaspace       used 20626K, capacity 21150K, committed 21248K, reserved 1067008K
  class space    used 2860K, capacity 2993K, committed 3072K, reserved 1048576K
}
Event: 2.074 GC heap before
{Heap before GC invocations=6 (full 1):
 PSYoungGen      total 139776K, used 129024K [0x000000076c700000, 0x0000000775a00000, 0x00000007c0000000)
  eden space 129024K, 100% used [0x000000076c700000,0x0000000774500000,0x0000000774500000)
  from space 10752K, 0% used [0x0000000774f80000,0x0000000774f80000,0x0000000775a00000)
  to   space 10752K, 0% used [0x0000000774500000,0x0000000774500000,0x0000000774f80000)
 ParOldGen       total 83968K, used 5341K [0x00000006c5400000, 0x00000006ca600000, 0x000000076c700000)
  object space 83968K, 6% used [0x00000006c5400000,0x00000006c5937420,0x00000006ca600000)
 Metaspace       used 29644K, capacity 30484K, committed 30720K, reserved 1075200K
  class space    used 4055K, capacity 4232K, committed 4352K, reserved 1048576K
Event: 2.145 GC heap after
Heap after GC invocations=6 (full 1):
 PSYoungGen      total 139776K, used 10410K [0x000000076c700000, 0x000000077c200000, 0x00000007c0000000)
  eden space 129024K, 0% used [0x000000076c700000,0x000000076c700000,0x0000000774500000)
  from space 10752K, 96% used [0x0000000774500000,0x0000000774f2abc0,0x0000000774f80000)
  to   space 11264K, 0% used [0x000000077b700000,0x000000077b700000,0x000000077c200000)
 ParOldGen       total 83968K, used 5349K [0x00000006c5400000, 0x00000006ca600000, 0x000000076c700000)
  object space 83968K, 6% used [0x00000006c5400000,0x00000006c5939420,0x00000006ca600000)
 Metaspace       used 29644K, capacity 30484K, committed 30720K, reserved 1075200K
  class space    used 4055K, capacity 4232K, committed 4352K, reserved 1048576K
}
Event: 2.644 GC heap before
{Heap before GC invocations=7 (full 1):
 PSYoungGen      total 139776K, used 80809K [0x000000076c700000, 0x000000077c200000, 0x00000007c0000000)
  eden space 129024K, 54% used [0x000000076c700000,0x0000000770bbfb38,0x0000000774500000)
  from space 10752K, 96% used [0x0000000774500000,0x0000000774f2abc0,0x0000000774f80000)
  to   space 11264K, 0% used [0x000000077b700000,0x000000077b700000,0x000000077c200000)
 ParOldGen       total 83968K, used 5349K [0x00000006c5400000, 0x00000006ca600000, 0x000000076c700000)
  object space 83968K, 6% used [0x00000006c5400000,0x00000006c5939420,0x00000006ca600000)
 Metaspace       used 34289K, capacity 35300K, committed 35416K, reserved 1079296K
  class space    used 4693K, capacity 4914K, committed 4992K, reserved 1048576K
Event: 2.695 GC heap after
Heap after GC invocations=7 (full 1):
 PSYoungGen      total 244736K, used 9846K [0x000000076c700000, 0x000000077c580000, 0x00000007c0000000)
  eden space 233472K, 0% used [0x000000076c700000,0x000000076c700000,0x000000077ab00000)
  from space 11264K, 87% used [0x000000077b700000,0x000000077c09dae0,0x000000077c200000)
  to   space 12288K, 0% used [0x000000077ab00000,0x000000077ab00000,0x000000077b700000)
 ParOldGen       total 83968K, used 5421K [0x00000006c5400000, 0x00000006ca600000, 0x000000076c700000)
  object space 83968K, 6% used [0x00000006c5400000,0x00000006c594b430,0x00000006ca600000)
 Metaspace       used 34289K, capacity 35300K, committed 35416K, reserved 1079296K
  class space    used 4693K, capacity 4914K, committed 4992K, reserved 1048576K
}
Event: 2.695 GC heap before
{Heap before GC invocations=8 (full 2):
 PSYoungGen      total 244736K, used 9846K [0x000000076c700000, 0x000000077c580000, 0x00000007c0000000)
  eden space 233472K, 0% used [0x000000076c700000,0x000000076c700000,0x000000077ab00000)
  from space 11264K, 87% used [0x000000077b700000,0x000000077c09dae0,0x000000077c200000)
  to   space 12288K, 0% used [0x000000077ab00000,0x000000077ab00000,0x000000077b700000)
 ParOldGen       total 83968K, used 5421K [0x00000006c5400000, 0x00000006ca600000, 0x000000076c700000)
  object space 83968K, 6% used [0x00000006c5400000,0x00000006c594b430,0x00000006ca600000)
 Metaspace       used 34289K, capacity 35300K, committed 35416K, reserved 1079296K
  class space    used 4693K, capacity 4914K, committed 4992K, reserved 1048576K
Event: 2.767 GC heap after
Heap after GC invocations=8 (full 2):
 PSYoungGen      total 244736K, used 0K [0x000000076c700000, 0x000000077c580000, 0x00000007c0000000)
  eden space 233472K, 0% used [0x000000076c700000,0x000000076c700000,0x000000077ab00000)
  from space 11264K, 0% used [0x000000077b700000,0x000000077b700000,0x000000077c200000)
  to   space 12288K, 0% used [0x000000077ab00000,0x000000077ab00000,0x000000077b700000)
 ParOldGen       total 118272K, used 14259K [0x00000006c5400000, 0x00000006cc780000, 0x000000076c700000)
  object space 118272K, 12% used [0x00000006c5400000,0x00000006c61ece58,0x00000006cc780000)
 Metaspace       used 34289K, capacity 35300K, committed 35416K, reserved 1079296K
  class space    used 4693K, capacity 4914K, committed 4992K, reserved 1048576K
}
Event: 5.105 GC heap before
{Heap before GC invocations=9 (full 2):
 PSYoungGen      total 244736K, used 233472K [0x000000076c700000, 0x000000077c580000, 0x00000007c0000000)
  eden space 233472K, 100% used [0x000000076c700000,0x000000077ab00000,0x000000077ab00000)
  from space 11264K, 0% used [0x000000077b700000,0x000000077b700000,0x000000077c200000)
  to   space 12288K, 0% used [0x000000077ab00000,0x000000077ab00000,0x000000077b700000)
 ParOldGen       total 118272K, used 14259K [0x00000006c5400000, 0x00000006cc780000, 0x000000076c700000)
  object space 118272K, 12% used [0x00000006c5400000,0x00000006c61ece58,0x00000006cc780000)
 Metaspace       used 38649K, capacity 39966K, committed 40024K, reserved 1083392K
  class space    used 5217K, capacity 5477K, committed 5504K, reserved 1048576K

