# JRE version: OpenJDK Runtime Environment (8.0_171-b11) (build 1.8.0_171-8u171-b11-0ubuntu0.16.04.1-b11)
# Java VM: OpenJDK 64-Bit Server VM (25.171-b11 mixed mode linux-amd64 compressed oops)
Heap:
 PSYoungGen      total 236032K, used 9408K [0x000000076c700000, 0x000000077be80000, 0x00000007c0000000)
  eden space 223744K, 0% used [0x000000076c700000,0x000000076c700000,0x000000077a180000)
  from space 12288K, 76% used [0x000000077a180000,0x000000077aab0038,0x000000077ad80000)
  to   space 11264K, 0% used [0x000000077ad80000,0x000000077ad80000,0x000000077b880000)
 ParOldGen       total 122880K, used 14215K [0x00000006c5400000, 0x00000006ccc00000, 0x000000076c700000)
  object space 122880K, 11% used [0x00000006c5400000,0x00000006c61e1e88,0x00000006ccc00000)
 Metaspace       used 38689K, capacity 40038K, committed 40280K, reserved 1083392K
  class space    used 5216K, capacity 5477K, committed 5504K, reserved 1048576K
GC Heap History (10 events):
Event: 1.449 GC heap after
Heap after GC invocations=4 (full 0):
 PSYoungGen      total 139776K, used 5394K [0x000000076c700000, 0x0000000775a00000, 0x00000007c0000000)
  eden space 129024K, 0% used [0x000000076c700000,0x000000076c700000,0x0000000774500000)
  from space 10752K, 50% used [0x0000000774f80000,0x00000007754c48d0,0x0000000775a00000)
  to   space 10752K, 0% used [0x0000000774500000,0x0000000774500000,0x0000000774f80000)
 ParOldGen       total 172032K, used 32K [0x00000006c5400000, 0x00000006cfc00000, 0x000000076c700000)
  object space 172032K, 0% used [0x00000006c5400000,0x00000006c5408000,0x00000006cfc00000)
 Metaspace       used 20638K, capacity 21170K, committed 21248K, reserved 1067008K
  class space    used 2856K, capacity 2995K, committed 3072K, reserved 1048576K
}
Event: 1.449 GC heap before
{Heap before GC invocations=5 (full 1):
 PSYoungGen      total 139776K, used 5394K [0x000000076c700000, 0x0000000775a00000, 0x00000007c0000000)
  eden space 129024K, 0% used [0x000000076c700000,0x000000076c700000,0x0000000774500000)
  from space 10752K, 50% used [0x0000000774f80000,0x00000007754c48d0,0x0000000775a00000)
  to   space 10752K, 0% used [0x0000000774500000,0x0000000774500000,0x0000000774f80000)
 ParOldGen       total 172032K, used 32K [0x00000006c5400000, 0x00000006cfc00000, 0x000000076c700000)
  object space 172032K, 0% used [0x00000006c5400000,0x00000006c5408000,0x00000006cfc00000)
 Metaspace       used 20638K, capacity 21170K, committed 21248K, reserved 1067008K
  class space    used 2856K, capacity 2995K, committed 3072K, reserved 1048576K
Event: 1.474 GC heap after
Heap after GC invocations=5 (full 1):
 PSYoungGen      total 139776K, used 0K [0x000000076c700000, 0x0000000775a00000, 0x00000007c0000000)
  eden space 129024K, 0% used [0x000000076c700000,0x000000076c700000,0x0000000774500000)
  from space 10752K, 0% used [0x0000000774f80000,0x0000000774f80000,0x0000000775a00000)
  to   space 10752K, 0% used [0x0000000774500000,0x0000000774500000,0x0000000774f80000)
 ParOldGen       total 85504K, used 5297K [0x00000006c5400000, 0x00000006ca780000, 0x000000076c700000)
  object space 85504K, 6% used [0x00000006c5400000,0x00000006c592c758,0x00000006ca780000)
 Metaspace       used 20638K, capacity 21170K, committed 21248K, reserved 1067008K
  class space    used 2856K, capacity 2995K, committed 3072K, reserved 1048576K
}
Event: 2.075 GC heap before
{Heap before GC invocations=6 (full 1):
 PSYoungGen      total 139776K, used 129024K [0x000000076c700000, 0x0000000775a00000, 0x00000007c0000000)
  eden space 129024K, 100% used [0x000000076c700000,0x0000000774500000,0x0000000774500000)
  from space 10752K, 0% used [0x0000000774f80000,0x0000000774f80000,0x0000000775a00000)
  to   space 10752K, 0% used [0x0000000774500000,0x0000000774500000,0x0000000774f80000)
 ParOldGen       total 85504K, used 5297K [0x00000006c5400000, 0x00000006ca780000, 0x000000076c700000)
  object space 85504K, 6% used [0x00000006c5400000,0x00000006c592c758,0x00000006ca780000)
 Metaspace       used 29757K, capacity 30608K, committed 30976K, reserved 1075200K
  class space    used 4068K, capacity 4254K, committed 4352K, reserved 1048576K
Event: 2.089 GC heap after
Heap after GC invocations=6 (full 1):
 PSYoungGen      total 139776K, used 10388K [0x000000076c700000, 0x000000077b880000, 0x00000007c0000000)
  eden space 129024K, 0% used [0x000000076c700000,0x000000076c700000,0x0000000774500000)
  from space 10752K, 96% used [0x0000000774500000,0x0000000774f25048,0x0000000774f80000)
  to   space 11264K, 0% used [0x000000077ad80000,0x000000077ad80000,0x000000077b880000)
 ParOldGen       total 85504K, used 5305K [0x00000006c5400000, 0x00000006ca780000, 0x000000076c700000)
  object space 85504K, 6% used [0x00000006c5400000,0x00000006c592e758,0x00000006ca780000)
 Metaspace       used 29757K, capacity 30608K, committed 30976K, reserved 1075200K
  class space    used 4068K, capacity 4254K, committed 4352K, reserved 1048576K
}
Event: 2.532 GC heap before
{Heap before GC invocations=7 (full 1):
 PSYoungGen      total 139776K, used 80859K [0x000000076c700000, 0x000000077b880000, 0x00000007c0000000)
  eden space 129024K, 54% used [0x000000076c700000,0x0000000770bd1ea0,0x0000000774500000)
  from space 10752K, 96% used [0x0000000774500000,0x0000000774f25048,0x0000000774f80000)
  to   space 11264K, 0% used [0x000000077ad80000,0x000000077ad80000,0x000000077b880000)
 ParOldGen       total 85504K, used 5305K [0x00000006c5400000, 0x00000006ca780000, 0x000000076c700000)
  object space 85504K, 6% used [0x00000006c5400000,0x00000006c592e758,0x00000006ca780000)
 Metaspace       used 34331K, capacity 35308K, committed 35416K, reserved 1079296K
  class space    used 4693K, capacity 4914K, committed 4992K, reserved 1048576K
Event: 2.573 GC heap after
Heap after GC invocations=7 (full 1):
 PSYoungGen      total 235008K, used 9926K [0x000000076c700000, 0x000000077be80000, 0x00000007c0000000)
  eden space 223744K, 0% used [0x000000076c700000,0x000000076c700000,0x000000077a180000)
  from space 11264K, 88% used [0x000000077ad80000,0x000000077b731a40,0x000000077b880000)
  to   space 12288K, 0% used [0x000000077a180000,0x000000077a180000,0x000000077ad80000)
 ParOldGen       total 85504K, used 5313K [0x00000006c5400000, 0x00000006ca780000, 0x000000076c700000)
  object space 85504K, 6% used [0x00000006c5400000,0x00000006c5930758,0x00000006ca780000)
 Metaspace       used 34331K, capacity 35308K, committed 35416K, reserved 1079296K
  class space    used 4693K, capacity 4914K, committed 4992K, reserved 1048576K
}
Event: 2.573 GC heap before
{Heap before GC invocations=8 (full 2):
 PSYoungGen      total 235008K, used 9926K [0x000000076c700000, 0x000000077be80000, 0x00000007c0000000)
  eden space 223744K, 0% used [0x000000076c700000,0x000000076c700000,0x000000077a180000)
  from space 11264K, 88% used [0x000000077ad80000,0x000000077b731a40,0x000000077b880000)
  to   space 12288K, 0% used [0x000000077a180000,0x000000077a180000,0x000000077ad80000)
 ParOldGen       total 85504K, used 5313K [0x00000006c5400000, 0x00000006ca780000, 0x000000076c700000)
  object space 85504K, 6% used [0x00000006c5400000,0x00000006c5930758,0x00000006ca780000)
 Metaspace       used 34331K, capacity 35308K, committed 35416K, reserved 1079296K
  class space    used 4693K, capacity 4914K, committed 4992K, reserved 1048576K
Event: 2.626 GC heap after
Heap after GC invocations=8 (full 2):
 PSYoungGen      total 235008K, used 0K [0x000000076c700000, 0x000000077be80000, 0x00000007c0000000)
  eden space 223744K, 0% used [0x000000076c700000,0x000000076c700000,0x000000077a180000)
  from space 11264K, 0% used [0x000000077ad80000,0x000000077ad80000,0x000000077b880000)
  to   space 12288K, 0% used [0x000000077a180000,0x000000077a180000,0x000000077ad80000)
 ParOldGen       total 122880K, used 14207K [0x00000006c5400000, 0x00000006ccc00000, 0x000000076c700000)
  object space 122880K, 11% used [0x00000006c5400000,0x00000006c61dfe88,0x00000006ccc00000)
 Metaspace       used 34331K, capacity 35308K, committed 35416K, reserved 1079296K
  class space    used 4693K, capacity 4914K, committed 4992K, reserved 1048576K
}
Event: 4.454 GC heap before
{Heap before GC invocations=9 (full 2):
 PSYoungGen      total 235008K, used 223744K [0x000000076c700000, 0x000000077be80000, 0x00000007c0000000)
  eden space 223744K, 100% used [0x000000076c700000,0x000000077a180000,0x000000077a180000)
  from space 11264K, 0% used [0x000000077ad80000,0x000000077ad80000,0x000000077b880000)
  to   space 12288K, 0% used [0x000000077a180000,0x000000077a180000,0x000000077ad80000)
 ParOldGen       total 122880K, used 14207K [0x00000006c5400000, 0x00000006ccc00000, 0x000000076c700000)
  object space 122880K, 11% used [0x00000006c5400000,0x00000006c61dfe88,0x00000006ccc00000)
 Metaspace       used 38689K, capacity 40038K, committed 40280K, reserved 1083392K
  class space    used 5216K, capacity 5477K, committed 5504K, reserved 1048576K

